
> vasquez-law-website@1.0.0 build
> prisma generate && next build

Environment variables loaded from .env
Prisma schema loaded from prisma/schema.prisma

✔ Generated Prisma Client (v5.22.0) to ./node_modules/@prisma/client in 79ms

Start by importing your Prisma Client (See: https://pris.ly/d/importing-client)

Tip: Need your database queries to be 1000x faster? Accelerate offers you that and more: https://pris.ly/tip-2-accelerate

  ▲ Next.js 14.2.30
  - Environments: .env.production.local, .env.local, .env.production, .env

   Creating an optimized production build ...
 ✓ Compiled successfully
   Skipping linting
   Checking validity of types ...
Failed to compile.

./src/components/HomePage.tsx:3:10
Type error: Circular definition of import alias 'default'.

[0m [90m 1 |[39m [32m'use client'[39m[33m;[39m[0m
[0m [90m 2 |[39m[0m
[0m[31m[1m>[22m[39m[90m 3 |[39m [36mexport[39m { [36mdefault[39m } [36mfrom[39m [32m'./HomePage'[39m[33m;[39m[0m
[0m [90m   |[39m          [31m[1m^[22m[39m[0m
Next.js build worker exited with code: 1 and signal: null
