
> vasquez-law-website@1.0.0 build
> prisma generate && next build

Environment variables loaded from .env
Prisma schema loaded from prisma/schema.prisma

✔ Generated Prisma Client (v6.10.1) to ./node_modules/@prisma/client in 115ms

Start by importing your Prisma Client (See: https://pris.ly/d/importing-client)

Tip: Interested in query caching in just a few lines of code? Try Accelerate today! https://pris.ly/tip-3-accelerate

┌─────────────────────────────────────────────────────────┐
│  Update available 6.10.1 -> 6.11.1                      │
│  Run the following to update                            │
│    npm i --save-dev prisma@latest                       │
│    npm i @prisma/client@latest                          │
└─────────────────────────────────────────────────────────┘
  ▲ Next.js 14.2.30
  - Environments: .env.local, .env.production, .env
  - Experiments (use with caution):
    · optimizeCss

   Creating an optimized production build ...
 ✓ Compiled successfully
   Skipping validation of types
   Skipping linting
   Collecting page data ...
unhandledRejection ReferenceError: self is not defined
    at Object.<anonymous> (/Users/williamvasquez/Documents/VLF Website/.next/server/react.js:1:1)
    at Module._compile (node:internal/modules/cjs/loader:1730:14)
    at Object..js (node:internal/modules/cjs/loader:1895:10)
    at Module.load (node:internal/modules/cjs/loader:1465:32)
    at Function._load (node:internal/modules/cjs/loader:1282:12)
    at TracingChannel.traceSync (node:diagnostics_channel:322:14)
    at wrapModuleLoad (node:internal/modules/cjs/loader:235:24)
    at Module.<anonymous> (node:internal/modules/cjs/loader:1487:12)
    at mod.require (/Users/williamvasquez/Documents/VLF Website/node_modules/next/dist/server/require-hook.js:65:28)
    at require (node:internal/modules/helpers:135:16) {
  type: 'ReferenceError'
}
