
> vasquez-law-website@1.0.0 build
> prisma generate && next build

Prisma schema loaded from prisma/schema.prisma

✔ Generated Prisma Client (v6.10.1) to ./node_modules/@prisma/client in 102ms

Start by importing your Prisma Client (See: https://pris.ly/d/importing-client)

Tip: Want to turn off tips and other hints? https://pris.ly/tip-4-nohints

 ⚠ Invalid next.config.js options detected: 
 ⚠     Unrecognized key(s) in object: 'isrMemoryCacheSize' at "experimental"
 ⚠ See more info here: https://nextjs.org/docs/messages/invalid-next-config
  ▲ Next.js 14.2.30
  - Environments: .env.local, .env.production

   Creating an optimized production build ...
 ✓ Compiled successfully
   Skipping validation of types
   Skipping linting
   Collecting page data ...
DATABASE_URL not found, returning mock Prisma client for build
DATABASE_URL not found, returning mock Prisma client for build
DATABASE_URL not found, returning mock Prisma client for build
DATABASE_URL not found, returning mock Prisma client for build
Error: Database connection not available. Please ensure DATABASE_URL is set.
    at i (/Users/williamvasquez/Documents/VLF Website/.next/server/chunks/99467.js:1:692)
    at 95456 (/Users/williamvasquez/Documents/VLF Website/.next/server/app/api/auth/[...nextauth]/route.js:1:6657)
    at t (/Users/williamvasquez/Documents/VLF Website/.next/server/webpack-runtime.js:1:143)
    at 68315 (/Users/williamvasquez/Documents/VLF Website/.next/server/app/api/auth/[...nextauth]/route.js:1:2125)
    at t (/Users/williamvasquez/Documents/VLF Website/.next/server/webpack-runtime.js:1:143)
    at r (/Users/williamvasquez/Documents/VLF Website/.next/server/app/api/auth/[...nextauth]/route.js:1:9750)
    at /Users/williamvasquez/Documents/VLF Website/.next/server/app/api/auth/[...nextauth]/route.js:1:9837
    at t.X (/Users/williamvasquez/Documents/VLF Website/.next/server/webpack-runtime.js:1:1285)
    at /Users/williamvasquez/Documents/VLF Website/.next/server/app/api/auth/[...nextauth]/route.js:1:9763
    at Object.<anonymous> (/Users/williamvasquez/Documents/VLF Website/.next/server/app/api/auth/[...nextauth]/route.js:1:9865)
DATABASE_URL not found, returning mock Prisma client for build
Error: Database connection not available. Please ensure DATABASE_URL is set.
    at i (/Users/williamvasquez/Documents/VLF Website/.next/server/chunks/99467.js:1:692)
    at 95456 (/Users/williamvasquez/Documents/VLF Website/.next/server/chunks/24058.js:1:374)
    at t (/Users/williamvasquez/Documents/VLF Website/.next/server/webpack-runtime.js:1:143)
    at 7127 (/Users/williamvasquez/Documents/VLF Website/.next/server/app/api/agents/monitor/route.js:1:1781)
    at t (/Users/williamvasquez/Documents/VLF Website/.next/server/webpack-runtime.js:1:143)
    at a (/Users/williamvasquez/Documents/VLF Website/.next/server/app/api/agents/monitor/route.js:1:10805)
    at /Users/williamvasquez/Documents/VLF Website/.next/server/app/api/agents/monitor/route.js:1:10928
    at t.X (/Users/williamvasquez/Documents/VLF Website/.next/server/webpack-runtime.js:1:1285)
    at /Users/williamvasquez/Documents/VLF Website/.next/server/app/api/agents/monitor/route.js:1:10818
    at Object.<anonymous> (/Users/williamvasquez/Documents/VLF Website/.next/server/app/api/agents/monitor/route.js:1:10955)
DATABASE_URL not found, returning mock Prisma client for build
Error: Database connection not available. Please ensure DATABASE_URL is set.
    at i (/Users/williamvasquez/Documents/VLF Website/.next/server/chunks/99467.js:1:692)
    at 95456 (/Users/williamvasquez/Documents/VLF Website/.next/server/chunks/24160.js:1:374)
    at t (/Users/williamvasquez/Documents/VLF Website/.next/server/webpack-runtime.js:1:143)
    at 46546 (/Users/williamvasquez/Documents/VLF Website/.next/server/app/api/cases/[caseId]/route.js:1:1764)
    at t (/Users/williamvasquez/Documents/VLF Website/.next/server/webpack-runtime.js:1:143)
    at t (/Users/williamvasquez/Documents/VLF Website/.next/server/app/api/cases/[caseId]/route.js:1:4247)
    at /Users/williamvasquez/Documents/VLF Website/.next/server/app/api/cases/[caseId]/route.js:1:4363
    at t.X (/Users/williamvasquez/Documents/VLF Website/.next/server/webpack-runtime.js:1:1285)
    at /Users/williamvasquez/Documents/VLF Website/.next/server/app/api/cases/[caseId]/route.js:1:4260
    at Object.<anonymous> (/Users/williamvasquez/Documents/VLF Website/.next/server/app/api/cases/[caseId]/route.js:1:4391)
DATABASE_URL not found, returning mock Prisma client for build
Error: Database connection not available. Please ensure DATABASE_URL is set.
    at i (/Users/williamvasquez/Documents/VLF Website/.next/server/chunks/99467.js:1:692)
    at 95456 (/Users/williamvasquez/Documents/VLF Website/.next/server/app/api/admin/cache/route.js:1:8657)
    at t (/Users/williamvasquez/Documents/VLF Website/.next/server/webpack-runtime.js:1:143)
    at 58036 (/Users/williamvasquez/Documents/VLF Website/.next/server/app/api/admin/cache/route.js:1:2140)
    at t (/Users/williamvasquez/Documents/VLF Website/.next/server/webpack-runtime.js:1:143)
    at r (/Users/williamvasquez/Documents/VLF Website/.next/server/app/api/admin/cache/route.js:1:16046)
    at /Users/williamvasquez/Documents/VLF Website/.next/server/app/api/admin/cache/route.js:1:16139
    at t.X (/Users/williamvasquez/Documents/VLF Website/.next/server/webpack-runtime.js:1:1285)
    at /Users/williamvasquez/Documents/VLF Website/.next/server/app/api/admin/cache/route.js:1:16059
    at Object.<anonymous> (/Users/williamvasquez/Documents/VLF Website/.next/server/app/api/admin/cache/route.js:1:16167)
DATABASE_URL not found, returning mock Prisma client for build
Error: Database connection not available. Please ensure DATABASE_URL is set.
    at i (/Users/williamvasquez/Documents/VLF Website/.next/server/chunks/99467.js:1:692)
    at 95456 (/Users/williamvasquez/Documents/VLF Website/.next/server/chunks/24160.js:1:374)
    at t (/Users/williamvasquez/Documents/VLF Website/.next/server/webpack-runtime.js:1:143)
    at 14596 (/Users/williamvasquez/Documents/VLF Website/.next/server/app/api/cases/route.js:1:1750)
    at t (/Users/williamvasquez/Documents/VLF Website/.next/server/webpack-runtime.js:1:143)
    at t (/Users/williamvasquez/Documents/VLF Website/.next/server/app/api/cases/route.js:1:3584)
    at /Users/williamvasquez/Documents/VLF Website/.next/server/app/api/cases/route.js:1:3700
    at t.X (/Users/williamvasquez/Documents/VLF Website/.next/server/webpack-runtime.js:1:1285)
    at /Users/williamvasquez/Documents/VLF Website/.next/server/app/api/cases/route.js:1:3597
    at Object.<anonymous> (/Users/williamvasquez/Documents/VLF Website/.next/server/app/api/cases/route.js:1:3728)
DATABASE_URL not found, returning mock Prisma client for build
Error: Database connection not available. Please ensure DATABASE_URL is set.
    at i (/Users/williamvasquez/Documents/VLF Website/.next/server/chunks/99467.js:1:692)
    at 95456 (/Users/williamvasquez/Documents/VLF Website/.next/server/chunks/24058.js:1:374)
    at t (/Users/williamvasquez/Documents/VLF Website/.next/server/webpack-runtime.js:1:143)
    at 42524 (/Users/williamvasquez/Documents/VLF Website/.next/server/app/api/agents/deploy/route.js:1:1793)
    at t (/Users/williamvasquez/Documents/VLF Website/.next/server/webpack-runtime.js:1:143)
    at s (/Users/williamvasquez/Documents/VLF Website/.next/server/app/api/agents/deploy/route.js:1:6200)
    at /Users/williamvasquez/Documents/VLF Website/.next/server/app/api/agents/deploy/route.js:1:6323
    at t.X (/Users/williamvasquez/Documents/VLF Website/.next/server/webpack-runtime.js:1:1285)
    at /Users/williamvasquez/Documents/VLF Website/.next/server/app/api/agents/deploy/route.js:1:6213
    at Object.<anonymous> (/Users/williamvasquez/Documents/VLF Website/.next/server/app/api/agents/deploy/route.js:1:6351)
DATABASE_URL not found, returning mock Prisma client for build
[33mwarn[39m: Email service not configured. Emails will be logged but not sent. {"service":"vasquez-law-website","timestamp":"2025-07-02 08:31:30"}
[33mwarn[39m: Email service not configured. Emails will be logged but not sent. {"service":"vasquez-law-website","timestamp":"2025-07-02 08:31:30"}
[33mwarn[39m: Email service not configured. Emails will be logged but not sent. {"service":"vasquez-law-website","timestamp":"2025-07-02 08:31:30"}
[33mwarn[39m: Email service not configured. Emails will be logged but not sent. {"service":"vasquez-law-website","timestamp":"2025-07-02 08:31:30"}
[33mwarn[39m: Email service not configured. Emails will be logged but not sent. {"service":"vasquez-law-website","timestamp":"2025-07-02 08:31:30"}
[33mwarn[39m: Email service not configured. Emails will be logged but not sent. {"service":"vasquez-law-website","timestamp":"2025-07-02 08:31:30"}

> Build error occurred
Error: Failed to collect page data for /api/admin/cache
    at /Users/williamvasquez/Documents/VLF Website/node_modules/next/dist/build/utils.js:1269:15
    at process.processTicksAndRejections (node:internal/process/task_queues:105:5) {
  type: 'Error'
}
