
> vasquez-law-website@1.0.0 build
> prisma generate && next build

Environment variables loaded from .env
Prisma schema loaded from prisma/schema.prisma

✔ Generated Prisma Client (v5.22.0) to ./node_modules/@prisma/client in 100ms

Start by importing your Prisma Client (See: https://pris.ly/d/importing-client)

Tip: Want to react to database changes in your app as they happen? Discover how with Pulse: https://pris.ly/tip-1-pulse

  ▲ Next.js 14.2.30
  - Environments: .env.production.local, .env.local, .env.production, .env

   Creating an optimized production build ...
 ⚠ Compiled with warnings

./node_modules/handlebars/lib/index.js
require.extensions is not supported by webpack. Use a loader instead.

Import trace for requested module:
./node_modules/handlebars/lib/index.js
./src/services/email/index.ts
./src/app/api/email/send/route.ts

./node_modules/handlebars/lib/index.js
require.extensions is not supported by webpack. Use a loader instead.

Import trace for requested module:
./node_modules/handlebars/lib/index.js
./src/services/email/index.ts
./src/app/api/email/send/route.ts

./node_modules/handlebars/lib/index.js
require.extensions is not supported by webpack. Use a loader instead.

Import trace for requested module:
./node_modules/handlebars/lib/index.js
./src/services/email/index.ts
./src/app/api/email/send/route.ts

 ✓ Compiled successfully
   Skipping linting
   Checking validity of types ...
Failed to compile.

./src/services/gohighlevel/index.ts:522:63
Type error: 'ghlContact' is of type 'unknown'.

[0m [90m 520 |[39m       [90m// TODO: Implement contact sync when contact model is added to schema[39m[0m
[0m [90m 521 |[39m       [90m// For now, we'll use the User model for contact-like functionality[39m[0m
[0m[31m[1m>[22m[39m[90m 522 |[39m       logger[33m.[39minfo([32m'Contact sync placeholder'[39m[33m,[39m { ghlContactId[33m:[39m ghlContact[33m.[39mid })[33m;[39m[0m
[0m [90m     |[39m                                                               [31m[1m^[22m[39m[0m
[0m [90m 523 |[39m       [0m
[0m [90m 524 |[39m       [90m// You could sync to User model if appropriate:[39m[0m
[0m [90m 525 |[39m       [90m/*[39m[0m
Next.js build worker exited with code: 1 and signal: null
