
> vasquez-law-website@1.0.0 build
> prisma generate && next build

Environment variables loaded from .env
Prisma schema loaded from prisma/schema.prisma

✔ Generated Prisma Client (v5.22.0) to ./node_modules/@prisma/client in 101ms

Start by importing your Prisma Client (See: https://pris.ly/d/importing-client)

Tip: Curious about the SQL queries Prisma ORM generates? Optimize helps you enhance your visibility: https://pris.ly/tip-2-optimize

  ▲ Next.js 14.2.30
  - Environments: .env.production.local, .env.local, .env.production, .env

   Creating an optimized production build ...
 ⚠ Compiled with warnings

./node_modules/handlebars/lib/index.js
require.extensions is not supported by webpack. Use a loader instead.

Import trace for requested module:
./node_modules/handlebars/lib/index.js
./src/services/email/index.ts
./src/app/api/email/send/route.ts

./node_modules/handlebars/lib/index.js
require.extensions is not supported by webpack. Use a loader instead.

Import trace for requested module:
./node_modules/handlebars/lib/index.js
./src/services/email/index.ts
./src/app/api/email/send/route.ts

./node_modules/handlebars/lib/index.js
require.extensions is not supported by webpack. Use a loader instead.

Import trace for requested module:
./node_modules/handlebars/lib/index.js
./src/services/email/index.ts
./src/app/api/email/send/route.ts

 ✓ Compiled successfully
   Skipping linting
   Checking validity of types ...
Failed to compile.

./src/services/gohighlevel/index.ts:362:50
Type error: Property 'contact' does not exist on type 'Event'.

[0m [90m 360 |[39m         [36mcase[39m [32m'ContactCreate'[39m[33m:[39m[0m
[0m [90m 361 |[39m         [36mcase[39m [32m'ContactUpdate'[39m[33m:[39m[0m
[0m[31m[1m>[22m[39m[90m 362 |[39m           [36mawait[39m [36mthis[39m[33m.[39msyncContactToDatabase(event[33m.[39mcontact)[33m;[39m[0m
[0m [90m     |[39m                                                  [31m[1m^[22m[39m[0m
[0m [90m 363 |[39m           [36mbreak[39m[33m;[39m[0m
[0m [90m 364 |[39m[0m
[0m [90m 365 |[39m         [36mcase[39m [32m'InboundMessage'[39m[33m:[39m[0m
Next.js build worker exited with code: 1 and signal: null
