
> vasquez-law-website@1.0.0 build
> prisma generate && next build

Environment variables loaded from .env
Prisma schema loaded from prisma/schema.prisma

✔ Generated Prisma Client (v5.22.0) to ./node_modules/@prisma/client in 104ms

Start by importing your Prisma Client (See: https://pris.ly/d/importing-client)

Tip: Want to react to database changes in your app as they happen? Discover how with Pulse: https://pris.ly/tip-1-pulse

  ▲ Next.js 14.2.30
  - Environments: .env.production.local, .env.local, .env.production, .env

   Creating an optimized production build ...
 ⚠ Compiled with warnings

./node_modules/handlebars/lib/index.js
require.extensions is not supported by webpack. Use a loader instead.

Import trace for requested module:
./node_modules/handlebars/lib/index.js
./src/services/email/index.ts
./src/app/api/email/send/route.ts

./node_modules/handlebars/lib/index.js
require.extensions is not supported by webpack. Use a loader instead.

Import trace for requested module:
./node_modules/handlebars/lib/index.js
./src/services/email/index.ts
./src/app/api/email/send/route.ts

./node_modules/handlebars/lib/index.js
require.extensions is not supported by webpack. Use a loader instead.

Import trace for requested module:
./node_modules/handlebars/lib/index.js
./src/services/email/index.ts
./src/app/api/email/send/route.ts

 ✓ Compiled successfully
   Skipping linting
   Checking validity of types ...
Failed to compile.

./src/services/twilio/index.ts:93:9
Type error: Type '{ sid: string; body: string; to: string; from: string; status: "sent"; }' is missing the following properties from type 'MessageInstance': _version, _solution, numSegments, direction, and 21 more.

[0m [90m 91 |[39m       [36mif[39m ([33m![39m[36mthis[39m[33m.[39mclient) {[0m
[0m [90m 92 |[39m         logger[33m.[39mwarn([32m'Twilio not configured - mocking SMS send'[39m[33m,[39m { to[33m:[39m validated[33m.[39mto })[33m;[39m[0m
[0m[31m[1m>[22m[39m[90m 93 |[39m         [36mreturn[39m {[0m
[0m [90m    |[39m         [31m[1m^[22m[39m[0m
[0m [90m 94 |[39m           sid[33m:[39m [32m'mock-'[39m [33m+[39m [33mDate[39m[33m.[39mnow()[33m,[39m[0m
[0m [90m 95 |[39m           body[33m:[39m validated[33m.[39mbody[33m,[39m[0m
[0m [90m 96 |[39m           to[33m:[39m validated[33m.[39mto[33m,[39m[0m
Next.js build worker exited with code: 1 and signal: null
